This is pdfTeX, Version 3.14159265-2.6-1.40.19 (MiKTeX 2.9.6800 64-bit) (preloaded format=pdflatex 2018.9.18)  2 DEC 2018 20:38
entering extended mode
**./memoria.tex
(memoria.tex
LaTeX2e <2018-04-01> patch level 5

("C:\Users\AlfonsoJosé\AppData\Local\Programs\MíKTeX 2.9\tex\latex\ieeetran\I
EEEtran.cls"
Document Class: IEEEtran 2015/08/26 V1.8b by Michael Shell
-- See the "IEEEtran_HOWTO" manual for usage information.
-- http://www.michaelshell.org/tex/ieeetran/
\@IEEEtrantmpdimenA=\dimen102
\@IEEEtrantmpdimenB=\dimen103
\@IEEEtrantmpdimenC=\dimen104
\@IEEEtrantmpcountA=\count80
\@IEEEtrantmpcountB=\count81
\@IEEEtrantmpcountC=\count82
\@IEEEtrantmptoksA=\toks14
LaTeX Font Info:    Try loading font information for OT1+ptm on input line 503.


("C:\Users\AlfonsoJosé\AppData\Local\Programs\MíKTeX 2.9\tex\latex\psnfss\ot1
ptm.fd"
File: ot1ptm.fd 2001/06/04 font definitions for OT1/ptm.
)
-- Using 210mm x 297mm (a4) paper.
-- Using PDF output.
\@IEEEnormalsizeunitybaselineskip=\dimen105
-- This is a 10 point document.
\CLASSINFOnormalsizebaselineskip=\dimen106
\CLASSINFOnormalsizeunitybaselineskip=\dimen107
\IEEEnormaljot=\dimen108
LaTeX Font Info:    Font shape `OT1/ptm/bx/n' in size <5> not available
(Font)              Font shape `OT1/ptm/b/n' tried instead on input line 1090.
LaTeX Font Info:    Font shape `OT1/ptm/bx/it' in size <5> not available
(Font)              Font shape `OT1/ptm/b/it' tried instead on input line 1090.

LaTeX Font Info:    Font shape `OT1/ptm/bx/n' in size <7> not available
(Font)              Font shape `OT1/ptm/b/n' tried instead on input line 1090.
LaTeX Font Info:    Font shape `OT1/ptm/bx/it' in size <7> not available
(Font)              Font shape `OT1/ptm/b/it' tried instead on input line 1090.

LaTeX Font Info:    Font shape `OT1/ptm/bx/n' in size <8> not available
(Font)              Font shape `OT1/ptm/b/n' tried instead on input line 1090.
LaTeX Font Info:    Font shape `OT1/ptm/bx/it' in size <8> not available
(Font)              Font shape `OT1/ptm/b/it' tried instead on input line 1090.

LaTeX Font Info:    Font shape `OT1/ptm/bx/n' in size <9> not available
(Font)              Font shape `OT1/ptm/b/n' tried instead on input line 1090.
LaTeX Font Info:    Font shape `OT1/ptm/bx/it' in size <9> not available
(Font)              Font shape `OT1/ptm/b/it' tried instead on input line 1090.

LaTeX Font Info:    Font shape `OT1/ptm/bx/n' in size <10> not available
(Font)              Font shape `OT1/ptm/b/n' tried instead on input line 1090.
LaTeX Font Info:    Font shape `OT1/ptm/bx/it' in size <10> not available
(Font)              Font shape `OT1/ptm/b/it' tried instead on input line 1090.

LaTeX Font Info:    Font shape `OT1/ptm/bx/n' in size <11> not available
(Font)              Font shape `OT1/ptm/b/n' tried instead on input line 1090.
LaTeX Font Info:    Font shape `OT1/ptm/bx/it' in size <11> not available
(Font)              Font shape `OT1/ptm/b/it' tried instead on input line 1090.

LaTeX Font Info:    Font shape `OT1/ptm/bx/n' in size <12> not available
(Font)              Font shape `OT1/ptm/b/n' tried instead on input line 1090.
LaTeX Font Info:    Font shape `OT1/ptm/bx/it' in size <12> not available
(Font)              Font shape `OT1/ptm/b/it' tried instead on input line 1090.

LaTeX Font Info:    Font shape `OT1/ptm/bx/n' in size <17> not available
(Font)              Font shape `OT1/ptm/b/n' tried instead on input line 1090.
LaTeX Font Info:    Font shape `OT1/ptm/bx/it' in size <17> not available
(Font)              Font shape `OT1/ptm/b/it' tried instead on input line 1090.

LaTeX Font Info:    Font shape `OT1/ptm/bx/n' in size <20> not available
(Font)              Font shape `OT1/ptm/b/n' tried instead on input line 1090.
LaTeX Font Info:    Font shape `OT1/ptm/bx/it' in size <20> not available
(Font)              Font shape `OT1/ptm/b/it' tried instead on input line 1090.

LaTeX Font Info:    Font shape `OT1/ptm/bx/n' in size <24> not available
(Font)              Font shape `OT1/ptm/b/n' tried instead on input line 1090.
LaTeX Font Info:    Font shape `OT1/ptm/bx/it' in size <24> not available
(Font)              Font shape `OT1/ptm/b/it' tried instead on input line 1090.

\IEEEquantizedlength=\dimen109
\IEEEquantizedlengthdiff=\dimen110
\IEEEquantizedtextheightdiff=\dimen111
\IEEEilabelindentA=\dimen112
\IEEEilabelindentB=\dimen113
\IEEEilabelindent=\dimen114
\IEEEelabelindent=\dimen115
\IEEEdlabelindent=\dimen116
\IEEElabelindent=\dimen117
\IEEEiednormlabelsep=\dimen118
\IEEEiedmathlabelsep=\dimen119
\IEEEiedtopsep=\skip41
\c@section=\count83
\c@subsection=\count84
\c@subsubsection=\count85
\c@paragraph=\count86
\c@IEEEsubequation=\count87
\abovecaptionskip=\skip42
\belowcaptionskip=\skip43
\c@figure=\count88
\c@table=\count89
\@IEEEeqnnumcols=\count90
\@IEEEeqncolcnt=\count91
\@IEEEsubeqnnumrollback=\count92
\@IEEEquantizeheightA=\dimen120
\@IEEEquantizeheightB=\dimen121
\@IEEEquantizeheightC=\dimen122
\@IEEEquantizeprevdepth=\dimen123
\@IEEEquantizemultiple=\count93
\@IEEEquantizeboxA=\box26
\@IEEEtmpitemindent=\dimen124
\IEEEPARstartletwidth=\dimen125
\c@IEEEbiography=\count94
\@IEEEtranrubishbin=\box27
)
("C:\Users\AlfonsoJosé\AppData\Local\Programs\MíKTeX 2.9\tex\latex\graphics\g
raphicx.sty"
Package: graphicx 2017/06/01 v1.1a Enhanced LaTeX Graphics (DPC,SPQR)

("C:\Users\AlfonsoJosé\AppData\Local\Programs\MíKTeX 2.9\tex\latex\graphics\k
eyval.sty"
Package: keyval 2014/10/28 v1.15 key=value parser (DPC)
\KV@toks@=\toks15
)
("C:\Users\AlfonsoJosé\AppData\Local\Programs\MíKTeX 2.9\tex\latex\graphics\g
raphics.sty"
Package: graphics 2017/06/25 v1.2c Standard LaTeX Graphics (DPC,SPQR)

("C:\Users\AlfonsoJosé\AppData\Local\Programs\MíKTeX 2.9\tex\latex\graphics\t
rig.sty"
Package: trig 2016/01/03 v1.10 sin cos tan (DPC)
)
("C:\Users\AlfonsoJosé\AppData\Local\Programs\MíKTeX 2.9\tex\latex\graphics-c
fg\graphics.cfg"
File: graphics.cfg 2016/06/04 v1.11 sample graphics configuration
)
Package graphics Info: Driver file: pdftex.def on input line 99.

("C:\Users\AlfonsoJosé\AppData\Local\Programs\MíKTeX 2.9\tex\latex\graphics-d
ef\pdftex.def"
File: pdftex.def 2018/01/08 v1.0l Graphics/color driver for pdftex
))
\Gin@req@height=\dimen126
\Gin@req@width=\dimen127
)
("C:\Users\AlfonsoJosé\AppData\Local\Programs\MíKTeX 2.9\tex\latex\url\url.st
y"
\Urlmuskip=\muskip10
Package: url 2013/09/16  ver 3.4  Verb mode for urls, etc.
)
("C:\Users\AlfonsoJosé\AppData\Local\Programs\MíKTeX 2.9\tex\latex\subfigure\
subfigure.sty"
Package: subfigure 2002/07/30 v2.1.4 subfigure package
\subfigtopskip=\skip44
\subfigcapskip=\skip45
\subfigcaptopadj=\dimen128
\subfigbottomskip=\skip46
\subfigcapmargin=\dimen129
\subfiglabelskip=\skip47
\c@subfigure=\count95
\c@lofdepth=\count96
\c@subtable=\count97
\c@lotdepth=\count98

****************************************
* Local config file subfigure.cfg used *
****************************************

("C:\Users\AlfonsoJosé\AppData\Local\Programs\MíKTeX 2.9\tex\latex\subfigure\
subfigure.cfg")
\subfig@top=\skip48
\subfig@bottom=\skip49
)
("C:\Users\AlfonsoJosé\AppData\Local\Programs\MíKTeX 2.9\tex\latex\float\floa
t.sty"
Package: float 2001/11/08 v1.3d Float enhancements (AL)
\c@float@type=\count99
\float@exts=\toks16
\float@box=\box28
\@float@everytoks=\toks17
\@floatcapt=\box29
)
("C:\Users\AlfonsoJosé\AppData\Local\Programs\MíKTeX 2.9\tex\latex\blindtext\
blindtext.sty"
Package: blindtext 2012/01/06 V2.0 blindtext-Package

("C:\Users\AlfonsoJosé\AppData\Local\Programs\MíKTeX 2.9\tex\latex\tools\xspa
ce.sty"
Package: xspace 2014/10/28 v1.13 Space after command names (DPC,MH)
)
\c@blindtext=\count100
\c@Blindtext=\count101
\c@blind@countparstart=\count102
\blind@countxx=\count103
\blindtext@numBlindtext=\count104
\blind@countyy=\count105
\c@blindlist=\count106
\c@blindlistlevel=\count107
\c@blindlist@level=\count108
\blind@listitem=\count109
\c@blind@listcount=\count110
\c@blind@levelcount=\count111
\blind@mathformula=\count112
\blind@Mathformula=\count113
\c@blind@randomcount=\count114
\c@blind@randommax=\count115
\c@blind@pangramcount=\count116
\c@blind@pangrammax=\count117
)
("C:\Users\AlfonsoJosé\AppData\Local\Programs\MíKTeX 2.9\tex\latex\enumitem\e
numitem.sty"
Package: enumitem 2011/09/28 v3.5.2 Customized lists
\labelindent=\skip50
\enit@outerparindent=\dimen130
\enit@toks=\toks18
\enit@inbox=\box30
\enitdp@description=\count118
)
("C:\Users\AlfonsoJosé\AppData\Local\Programs\MíKTeX 2.9\tex\latex\amsmath\am
smath.sty"
Package: amsmath 2017/09/02 v2.17a AMS math features
\@mathmargin=\skip51

For additional information on amsmath, use the `?' option.

("C:\Users\AlfonsoJosé\AppData\Local\Programs\MíKTeX 2.9\tex\latex\amsmath\am
stext.sty"
Package: amstext 2000/06/29 v2.01 AMS text

("C:\Users\AlfonsoJosé\AppData\Local\Programs\MíKTeX 2.9\tex\latex\amsmath\am
sgen.sty"
File: amsgen.sty 1999/11/30 v2.0 generic functions
\@emptytoks=\toks19
\ex@=\dimen131
))
("C:\Users\AlfonsoJosé\AppData\Local\Programs\MíKTeX 2.9\tex\latex\amsmath\am
sbsy.sty"
Package: amsbsy 1999/11/29 v1.2d Bold Symbols
\pmbraise@=\dimen132
)
("C:\Users\AlfonsoJosé\AppData\Local\Programs\MíKTeX 2.9\tex\latex\amsmath\am
sopn.sty"
Package: amsopn 2016/03/08 v2.02 operator names
)
\inf@bad=\count119
LaTeX Info: Redefining \frac on input line 213.
\uproot@=\count120
\leftroot@=\count121
LaTeX Info: Redefining \overline on input line 375.
\classnum@=\count122
\DOTSCASE@=\count123
LaTeX Info: Redefining \ldots on input line 472.
LaTeX Info: Redefining \dots on input line 475.
LaTeX Info: Redefining \cdots on input line 596.
\Mathstrutbox@=\box31
\strutbox@=\box32
\big@size=\dimen133
LaTeX Font Info:    Redeclaring font encoding OML on input line 712.
LaTeX Font Info:    Redeclaring font encoding OMS on input line 713.
\macc@depth=\count124
\c@MaxMatrixCols=\count125
\dotsspace@=\muskip11
\c@parentequation=\count126
\dspbrk@lvl=\count127
\tag@help=\toks20
\row@=\count128
\column@=\count129
\maxfields@=\count130
\andhelp@=\toks21
\eqnshift@=\dimen134
\alignsep@=\dimen135
\tagshift@=\dimen136
\tagwidth@=\dimen137
\totwidth@=\dimen138
\lineht@=\dimen139
\@envbody=\toks22
\multlinegap=\skip52
\multlinetaggap=\skip53
\mathdisplay@stack=\toks23
LaTeX Info: Redefining \[ on input line 2817.
LaTeX Info: Redefining \] on input line 2818.
)
("C:\Users\AlfonsoJosé\AppData\Local\Programs\MíKTeX 2.9\tex\latex\algorithms
\algorithm.sty"
Package: algorithm 2009/08/24 v0.1 Document Style `algorithm' - floating enviro
nment

("C:\Users\AlfonsoJosé\AppData\Local\Programs\MíKTeX 2.9\tex\latex\base\ifthe
n.sty"
Package: ifthen 2014/09/29 v1.1c Standard LaTeX ifthen package (DPC)
)
\@float@every@algorithm=\toks24
\c@algorithm=\count131
)
("C:\Users\AlfonsoJosé\AppData\Local\Programs\MíKTeX 2.9\tex\latex\algorithmi
cx\algpseudocode.sty"
Package: algpseudocode 

("C:\Users\AlfonsoJosé\AppData\Local\Programs\MíKTeX 2.9\tex\latex\algorithmi
cx\algorithmicx.sty"
Package: algorithmicx 2005/04/27 v1.2 Algorithmicx

Document Style algorithmicx 1.2 - a greatly improved `algorithmic' style
\c@ALG@line=\count132
\c@ALG@rem=\count133
\c@ALG@nested=\count134
\ALG@tlm=\skip54
\ALG@thistlm=\skip55
\c@ALG@Lnr=\count135
\c@ALG@blocknr=\count136
\c@ALG@storecount=\count137
\c@ALG@tmpcounter=\count138
\ALG@tmplength=\skip56
)
Document Style - pseudocode environments for use with the `algorithmicx' style
) (memoria.aux)
\openout1 = `memoria.aux'.

LaTeX Font Info:    Checking defaults for OML/cmm/m/it on input line 12.
LaTeX Font Info:    ... okay on input line 12.
LaTeX Font Info:    Checking defaults for T1/cmr/m/n on input line 12.
LaTeX Font Info:    ... okay on input line 12.
LaTeX Font Info:    Checking defaults for OT1/cmr/m/n on input line 12.
LaTeX Font Info:    ... okay on input line 12.
LaTeX Font Info:    Checking defaults for OMS/cmsy/m/n on input line 12.
LaTeX Font Info:    ... okay on input line 12.
LaTeX Font Info:    Checking defaults for OMX/cmex/m/n on input line 12.
LaTeX Font Info:    ... okay on input line 12.
LaTeX Font Info:    Checking defaults for U/cmr/m/n on input line 12.
LaTeX Font Info:    ... okay on input line 12.

-- Lines per column: 58 (exact).

("C:\Users\AlfonsoJosé\AppData\Local\Programs\MíKTeX 2.9\tex\context\base\sup
p-pdf.mkii"
[Loading MPS to PDF converter (version 2006.09.02).]
\scratchcounter=\count139
\scratchdimen=\dimen140
\scratchbox=\box33
\nofMPsegments=\count140
\nofMParguments=\count141
\everyMPshowfont=\toks25
\MPscratchCnt=\count142
\MPscratchDim=\dimen141
\MPnumerator=\count143
\makeMPintoPDFobject=\count144
\everyMPtoPDFconversion=\toks26
)
("C:\Users\AlfonsoJosé\AppData\Local\Programs\MíKTeX 2.9\tex\latex\oberdiek\e
pstopdf-base.sty"
Package: epstopdf-base 2016/05/15 v2.6 Base part for package epstopdf

("C:\Users\AlfonsoJosé\AppData\Local\Programs\MíKTeX 2.9\tex\generic\oberdiek
\infwarerr.sty"
Package: infwarerr 2016/05/16 v1.4 Providing info/warning/error messages (HO)
)
("C:\Users\AlfonsoJosé\AppData\Local\Programs\MíKTeX 2.9\tex\latex\oberdiek\g
rfext.sty"
Package: grfext 2016/05/16 v1.2 Manage graphics extensions (HO)

("C:\Users\AlfonsoJosé\AppData\Local\Programs\MíKTeX 2.9\tex\generic\oberdiek
\kvdefinekeys.sty"
Package: kvdefinekeys 2016/05/16 v1.4 Define keys (HO)

("C:\Users\AlfonsoJosé\AppData\Local\Programs\MíKTeX 2.9\tex\generic\oberdiek
\ltxcmds.sty"
Package: ltxcmds 2016/05/16 v1.23 LaTeX kernel commands for general use (HO)
)))
("C:\Users\AlfonsoJosé\AppData\Local\Programs\MíKTeX 2.9\tex\latex\oberdiek\k
voptions.sty"
Package: kvoptions 2016/05/16 v3.12 Key value format for package options (HO)

("C:\Users\AlfonsoJosé\AppData\Local\Programs\MíKTeX 2.9\tex\generic\oberdiek
\kvsetkeys.sty"
Package: kvsetkeys 2016/05/16 v1.17 Key value parser (HO)

("C:\Users\AlfonsoJosé\AppData\Local\Programs\MíKTeX 2.9\tex\generic\oberdiek
\etexcmds.sty"
Package: etexcmds 2016/05/16 v1.6 Avoid name clashes with e-TeX commands (HO)

("C:\Users\AlfonsoJosé\AppData\Local\Programs\MíKTeX 2.9\tex\generic\oberdiek
\ifluatex.sty"
Package: ifluatex 2016/05/16 v1.4 Provides the ifluatex switch (HO)
Package ifluatex Info: LuaTeX not detected.
)
Package etexcmds Info: Could not find \expanded.
(etexcmds)             That can mean that you are not using pdfTeX 1.50 or
(etexcmds)             that some package has redefined \expanded.
(etexcmds)             In the latter case, load this package earlier.
)))
("C:\Users\AlfonsoJosé\AppData\Local\Programs\MíKTeX 2.9\tex\generic\oberdiek
\pdftexcmds.sty"
Package: pdftexcmds 2018/01/30 v0.27 Utility functions of pdfTeX for LuaTeX (HO
)

("C:\Users\AlfonsoJosé\AppData\Local\Programs\MíKTeX 2.9\tex\generic\oberdiek
\ifpdf.sty"
Package: ifpdf 2017/03/15 v3.2 Provides the ifpdf switch
)
Package pdftexcmds Info: LuaTeX not detected.
Package pdftexcmds Info: \pdf@primitive is available.
Package pdftexcmds Info: \pdf@ifprimitive is available.
Package pdftexcmds Info: \pdfdraftmode found.
)
Package epstopdf-base Info: Redefining graphics rule for `.eps' on input line 4
38.
Package grfext Info: Graphics extension search list:
(grfext)             [.pdf,.png,.jpg,.mps,.jpeg,.jbig2,.jb2,.PDF,.PNG,.JPG,.JPE
G,.JBIG2,.JB2,.eps]
(grfext)             \AppendGraphicsExtensions on input line 456.
)
Underfull \hbox (badness 1629) in paragraph at lines 56--58
[]\OT1/ptm/m/n/10 La primera prueba se re-alizar[]a en un en-torno lo-cal,
 []


Underfull \hbox (badness 2753) in paragraph at lines 56--58
\OT1/ptm/m/n/10 con-si-s-tir[]a en en-viar cu-a-tro archivos de cu-a-tro client
es
 []


Underfull \hbox (badness 10000) in paragraph at lines 56--58

 []

<images/client_before_1.png, id=1, 401.24907pt x 47.42719pt>
File: images/client_before_1.png Graphic file (type png)
<use images/client_before_1.png>
Package pdftex.def Info: images/client_before_1.png  used on input line 61.
(pdftex.def)             Requested size: 240.75128pt x 28.45651pt.
<images/server_before_1.png, id=3, 400.49625pt x 46.67438pt>
File: images/server_before_1.png Graphic file (type png)
<use images/server_before_1.png>
Package pdftex.def Info: images/server_before_1.png  used on input line 69.
(pdftex.def)             Requested size: 240.29959pt x 28.00482pt.
<images/script_prueba_1.png, id=4, 257.46187pt x 138.5175pt>
File: images/script_prueba_1.png Graphic file (type png)
<use images/script_prueba_1.png>
Package pdftex.def Info: images/script_prueba_1.png  used on input line 77.
(pdftex.def)             Requested size: 154.4783pt x 83.11113pt.
[1{C:/Users/AlfonsoJosé/AppData/Local/MiKTeX/2.9/pdftex/config/pdftex.map}


 <./images/client_before_1.png> <./images/server_before_1.png>]
<images/log_cliente_prueba_1.png, id=15, 434.37282pt x 216.81pt>
File: images/log_cliente_prueba_1.png Graphic file (type png)
<use images/log_cliente_prueba_1.png>
Package pdftex.def Info: images/log_cliente_prueba_1.png  used on input line 85
.
(pdftex.def)             Requested size: 238.90578pt x 119.24586pt.
<images/log_server_prueba_1.png, id=16, 424.58624pt x 64.74188pt>
File: images/log_server_prueba_1.png Graphic file (type png)
<use images/log_server_prueba_1.png>
Package pdftex.def Info: images/log_server_prueba_1.png  used on input line 91.

(pdftex.def)             Requested size: 254.75371pt x 38.84541pt.

Overfull \hbox (2.75371pt too wide) in paragraph at lines 91--92
 [][] 
 []

<images/client_after_1.png, id=17, 403.5075pt x 39.89906pt>
File: images/client_after_1.png Graphic file (type png)
<use images/client_after_1.png>
Package pdftex.def Info: images/client_after_1.png  used on input line 99.
(pdftex.def)             Requested size: 242.10637pt x 23.9396pt.
<images/server_after_1.png, id=18, 401.24907pt x 39.89906pt>
File: images/server_after_1.png Graphic file (type png)
<use images/server_after_1.png>
Package pdftex.def Info: images/server_after_1.png  used on input line 105.
(pdftex.def)             Requested size: 240.75128pt x 23.9396pt.
<images/log_cliente_prueba_2.png, id=19, 720.44156pt x 322.20375pt>
File: images/log_cliente_prueba_2.png Graphic file (type png)
<use images/log_cliente_prueba_2.png>
Package pdftex.def Info: images/log_cliente_prueba_2.png  used on input line 11
3.
(pdftex.def)             Requested size: 288.17151pt x 128.87921pt.

Overfull \hbox (36.17151pt too wide) in paragraph at lines 113--114
 [][] 
 []

<images/log_server_prueba_2.png, id=20, 425.33907pt x 93.34875pt>
File: images/log_server_prueba_2.png Graphic file (type png)
<use images/log_server_prueba_2.png>
Package pdftex.def Info: images/log_server_prueba_2.png  used on input line 121
.
(pdftex.def)             Requested size: 255.2054pt x 56.00967pt.

Overfull \hbox (3.2054pt too wide) in paragraph at lines 121--122
 [][] 
 []


Underfull \hbox (badness 10000) in paragraph at lines 125--126

 []

<images/cloud.png, id=21, 2007.5pt x 501.875pt>
File: images/cloud.png Graphic file (type png)
<use images/cloud.png>
Package pdftex.def Info: images/cloud.png  used on input line 131.
(pdftex.def)             Requested size: 260.98416pt x 65.24603pt.

Overfull \hbox (8.98416pt too wide) in paragraph at lines 131--132
 [][] 
 []


Underfull \hbox (badness 10000) in paragraph at lines 135--136

 []

<images/client_after_3.png, id=22, 524.71031pt x 36.135pt>
File: images/client_after_3.png Graphic file (type png)
<use images/client_after_3.png>
Package pdftex.def Info: images/client_after_3.png  used on input line 141.
(pdftex.def)             Requested size: 236.11745pt x 16.26057pt.
[2 <./images/script_prueba_1.png> <./images/log_cliente_prueba_1.png> <./images
/log_server_prueba_1.png> <./images/client_after_1.png> <./images/server_after_
1.png> <./images/log_cliente_prueba_2.png> <./images/log_server_prueba_2.png> <
./images/cloud.png (PNG copy)>]
<images/im1.png, id=33, 458.46281pt x 48.18pt>
File: images/im1.png Graphic file (type png)
<use images/im1.png>
Package pdftex.def Info: images/im1.png  used on input line 149.
(pdftex.def)             Requested size: 252.15532pt x 26.49905pt.
 [3

 <./images/client_after_3.png> <./images/im1.png>] (memoria.aux) ) 
Here is how much of TeX's memory you used:
 4196 strings out of 492973
 67343 string characters out of 3123151
 141042 words of memory out of 3000000
 8005 multiletter control sequences out of 15000+200000
 34510 words of font info for 65 fonts, out of 3000000 for 9000
 1141 hyphenation exceptions out of 8191
 41i,6n,25p,534b,212s stack positions out of 5000i,500n,10000p,200000b,50000s
{C:/Users/Alf
onsoJosé/AppData/Local/Programs/MíKTeX 2.9/fonts/enc/dvips/base/8r.enc}<C:/Us
ers/AlfonsoJosé/AppData/Local/Programs/MíKTeX 2.9/fonts/type1/public/amsfonts
/cm/cmsy7.pfb><C:/Users/AlfonsoJosé/AppData/Local/Programs/MíKTeX 2.9/fonts/t
ype1/urw/times/utmb8a.pfb><C:/Users/AlfonsoJosé/AppData/Local/Programs/MíKTeX
 2.9/fonts/type1/urw/times/utmbi8a.pfb><C:/Users/AlfonsoJosé/AppData/Local/Pro
grams/MíKTeX 2.9/fonts/type1/urw/times/utmr8a.pfb>
Output written on memoria.pdf (3 pages, 302074 bytes).
PDF statistics:
 53 PDF objects out of 1000 (max. 8388607)
 0 named destinations out of 1000 (max. 500000)
 61 words of extra memory for PDF output out of 10000 (max. 10000000)

